SalForceApp/knife/build/outputs/logs/manifest-merger-debug-report.txt
-- Merging decision tree log ---
manifest
ADDED from src\main\AndroidManifest.xml:17:1-25:12
INJECTED from src\main\AndroidManifest.xml:17:1-25:12
INJECTED from src\main\AndroidManifest.xml:17:1-25:12
INJECTED from src\main\AndroidManifest.xml:17:1-25:12
INJECTED from src\main\AndroidManifest.xml:17:1-25:12
INJECTED from src\main\AndroidManifest.xml:17:1-25:12
INJECTED from src\main\AndroidManifest.xml:17:1-25:12
	package
		ADDED from src\main\AndroidManifest.xml:17:11-42
		INJECTED from src\main\AndroidManifest.xml
		INJECTED from src\main\AndroidManifest.xml
	android:versionName
		INJECTED from src\main\AndroidManifest.xml
		ADDED from src\main\AndroidManifest.xml:17:1-25:12
		INJECTED from src\main\AndroidManifest.xml
	android:versionCode
		INJECTED from src\main\AndroidManifest.xml
		ADDED from src\main\AndroidManifest.xml:17:1-25:12
		INJECTED from src\main\AndroidManifest.xml
	xmlns:android
		ADDED from src\main\AndroidManifest.xml:18:11-69
application
ADDED from src\main\AndroidManifest.xml:20:5-23:19
	android:supportsRtl
		ADDED from src\main\AndroidManifest.xml:22:18-44
	android:label
		ADDED from src\main\AndroidManifest.xml:20:18-50
	android:allowBackup
		ADDED from src\main\AndroidManifest.xml:21:18-44
uses-sdk
INJECTED from src\main\AndroidManifest.xml reason: use-sdk injection requested
INJECTED from src\main\AndroidManifest.xml
INJECTED from src\main\AndroidManifest.xml
INJECTED from src\main\AndroidManifest.xml
INJECTED from src\main\AndroidManifest.xml
	android:targetSdkVersion
		INJECTED from src\main\AndroidManifest.xml
		ADDED from src\main\AndroidManifest.xml
		INJECTED from src\main\AndroidManifest.xml
	android:minSdkVersion
		INJECTED from src\main\AndroidManifest.xml
		ADDED from src\main\AndroidManifest.xml
		INJECTED from src\main\AndroidManifest.xml